build/app/intermediates/manifest_merge_blame_file/debug/manifest-merger-blame-debug-report.txt
1<?xml version="1.0" encoding="utf-8"?>
2<manifest xmlns:android="http://schemas.android.com/apk/res/android"
3    package="com.globalbds.comersium"
4    android:versionCode="1"
5    android:versionName="1.0.0" >
6
7    <uses-sdk
8        android:minSdkVersion="21"
9        android:targetSdkVersion="34" />
10    <!--
11         Flutter needs it to communicate with the running application
12         to allow setting breakpoints, to provide hot reload, etc.
13    -->
14    <uses-permission android:name="android.permission.INTERNET" />
14-->src\main\AndroidManifest.xml:4:5-66
14-->src\main\AndroidManifest.xml:4:22-64
15    <uses-permission android:name="android.permission.CAMERA" />
15-->src\main\AndroidManifest.xml:5:5-64
15-->src\main\AndroidManifest.xml:5:22-62
16    <uses-permission android:name="android.permission.RECORD_AUDIO" />
16-->src\main\AndroidManifest.xml:6:5-71
16-->src\main\AndroidManifest.xml:6:22-68
17    <uses-permission
17-->src\main\AndroidManifest.xml:8:5-80
18        android:name="android.permission.READ_EXTERNAL_STORAGE"
18-->src\main\AndroidManifest.xml:8:22-77
19        android:maxSdkVersion="32" />
19-->[:file_picker] AndroidManifest.xml:11:9-35
20    <uses-permission android:name="android.permission.WRITE_EXTERNAL_STORAGE" />
20-->src\main\AndroidManifest.xml:9:5-81
20-->src\main\AndroidManifest.xml:9:22-78
21
22    <queries>
22-->[:file_picker] AndroidManifest.xml:13:5-19:15
23        <intent>
23-->[:file_picker] AndroidManifest.xml:14:9-18:18
24            <action android:name="android.intent.action.GET_CONTENT" />
24-->[:file_picker] AndroidManifest.xml:15:13-72
24-->[:file_picker] AndroidManifest.xml:15:21-69
25
26            <data android:mimeType="*/*" />
26-->src\main\AndroidManifest.xml:29:17-75
27        </intent>
28        <intent>
28-->[:flutter_inappwebview] AndroidManifest.xml:10:9-12:18
29            <action android:name="android.support.customtabs.action.CustomTabsService" />
29-->[:flutter_inappwebview] AndroidManifest.xml:11:13-90
29-->[:flutter_inappwebview] AndroidManifest.xml:11:21-87
30        </intent> <!-- Needs to be explicitly declared on Android R+ -->
31        <package android:name="com.google.android.apps.maps" />
31-->[com.google.android.gms:play-services-maps:18.2.0] AndroidManifest.xml:33:9-64
31-->[com.google.android.gms:play-services-maps:18.2.0] AndroidManifest.xml:33:18-61
32    </queries>
33
34    <uses-permission android:name="android.permission.ACCESS_NETWORK_STATE" />
34-->[com.google.firebase:firebase-auth:22.3.1] AndroidManifest.xml:26:5-79
34-->[com.google.firebase:firebase-auth:22.3.1] AndroidManifest.xml:26:22-76
35
36    <uses-feature
36-->[com.google.android.gms:play-services-maps:18.2.0] AndroidManifest.xml:26:5-28:35
37        android:glEsVersion="0x00020000"
37-->[com.google.android.gms:play-services-maps:18.2.0] AndroidManifest.xml:27:9-41
38        android:required="true" />
38-->[com.google.android.gms:play-services-maps:18.2.0] AndroidManifest.xml:28:9-32
39
40    <uses-permission android:name="com.google.android.providers.gsf.permission.READ_GSERVICES" />
40-->[com.google.android.recaptcha:recaptcha:18.4.0] AndroidManifest.xml:9:5-98
40-->[com.google.android.recaptcha:recaptcha:18.4.0] AndroidManifest.xml:9:22-95
41
42    <permission
42-->[androidx.core:core:1.13.1] AndroidManifest.xml:22:5-24:47
43        android:name="com.globalbds.comersium.DYNAMIC_RECEIVER_NOT_EXPORTED_PERMISSION"
43-->[androidx.core:core:1.13.1] AndroidManifest.xml:23:9-81
44        android:protectionLevel="signature" />
44-->[androidx.core:core:1.13.1] AndroidManifest.xml:24:9-44
45
46    <uses-permission android:name="com.globalbds.comersium.DYNAMIC_RECEIVER_NOT_EXPORTED_PERMISSION" />
46-->[androidx.core:core:1.13.1] AndroidManifest.xml:26:5-97
46-->[androidx.core:core:1.13.1] AndroidManifest.xml:26:22-94
47    <uses-permission android:name="com.google.android.finsky.permission.BIND_GET_INSTALL_REFERRER_SERVICE" />
47-->[com.android.installreferrer:installreferrer:1.0] AndroidManifest.xml:9:5-110
47-->[com.android.installreferrer:installreferrer:1.0] AndroidManifest.xml:9:22-107
48
49    <application
49-->src\main\AndroidManifest.xml:11:5-81:19
50        android:appComponentFactory="androidx.core.app.CoreComponentFactory"
50-->[androidx.core:core:1.13.1] AndroidManifest.xml:28:18-86
51        android:debuggable="true"
52        android:icon="@mipmap/launcher_icon"
52-->src\main\AndroidManifest.xml:14:9-45
53        android:label="Comersium"
53-->src\main\AndroidManifest.xml:12:9-34
54        android:requestLegacyExternalStorage="true"
54-->src\main\AndroidManifest.xml:15:9-52
55        android:supportsRtl="true" >
55-->[com.facebook.android:facebook-login:12.2.0] AndroidManifest.xml:28:18-44
56        <meta-data
56-->src\main\AndroidManifest.xml:16:9-17:50
57            android:name="com.facebook.sdk.ApplicationId"
57-->src\main\AndroidManifest.xml:16:20-65
58            android:value="@string/facebook_app_id" />
58-->src\main\AndroidManifest.xml:17:9-48
59
60        <activity
60-->src\main\AndroidManifest.xml:18:9-21:48
61            android:name="com.facebook.FacebookActivity"
61-->src\main\AndroidManifest.xml:18:19-63
62            android:configChanges="keyboard|keyboardHidden|screenLayout|screenSize|orientation"
62-->src\main\AndroidManifest.xml:19:13-117
63            android:label="@string/app_name"
63-->src\main\AndroidManifest.xml:21:13-45
64            android:theme="@style/com_facebook_activity_theme" />
64-->[com.facebook.android:facebook-common:12.2.0] AndroidManifest.xml:33:13-63
65        <activity
65-->src\main\AndroidManifest.xml:22:9-31:20
66            android:name="com.facebook.CustomTabActivity"
66-->src\main\AndroidManifest.xml:23:13-58
67            android:exported="true" >
67-->src\main\AndroidManifest.xml:24:13-36
68            <intent-filter>
68-->src\main\AndroidManifest.xml:25:13-30:29
69                <action android:name="android.intent.action.VIEW" />
69-->src\main\AndroidManifest.xml:26:17-69
69-->src\main\AndroidManifest.xml:26:25-66
70
71                <category android:name="android.intent.category.DEFAULT" />
71-->src\main\AndroidManifest.xml:27:17-76
71-->src\main\AndroidManifest.xml:27:27-73
72                <category android:name="android.intent.category.BROWSABLE" />
72-->src\main\AndroidManifest.xml:28:17-78
72-->src\main\AndroidManifest.xml:28:27-75
73
74                <data android:scheme="@string/fb_login_protocol_scheme" />
74-->src\main\AndroidManifest.xml:29:17-75
74-->src\main\AndroidManifest.xml:29:23-72
75            </intent-filter>
76            <intent-filter>
76-->[com.facebook.android:facebook-common:12.2.0] AndroidManifest.xml:39:13-48:29
77                <action android:name="android.intent.action.VIEW" />
77-->src\main\AndroidManifest.xml:26:17-69
77-->src\main\AndroidManifest.xml:26:25-66
78
79                <category android:name="android.intent.category.DEFAULT" />
79-->src\main\AndroidManifest.xml:27:17-76
79-->src\main\AndroidManifest.xml:27:27-73
80                <category android:name="android.intent.category.BROWSABLE" />
80-->src\main\AndroidManifest.xml:28:17-78
80-->src\main\AndroidManifest.xml:28:27-75
81
82                <data
82-->src\main\AndroidManifest.xml:29:17-75
83                    android:host="cct.com.globalbds.comersium"
84                    android:scheme="fbconnect" />
84-->src\main\AndroidManifest.xml:29:23-72
85            </intent-filter>
86        </activity>
87        <activity
87-->src\main\AndroidManifest.xml:33:9-71:20
88            android:name="com.globalbds.comersium.MainActivity"
88-->src\main\AndroidManifest.xml:34:13-41
89            android:configChanges="orientation|keyboardHidden|keyboard|screenSize|smallestScreenSize|locale|layoutDirection|fontScale|screenLayout|density|uiMode"
89-->src\main\AndroidManifest.xml:38:13-163
90            android:exported="true"
90-->src\main\AndroidManifest.xml:35:13-36
91            android:hardwareAccelerated="true"
91-->src\main\AndroidManifest.xml:39:13-47
92            android:launchMode="singleTop"
92-->src\main\AndroidManifest.xml:36:13-43
93            android:theme="@style/LaunchTheme"
93-->src\main\AndroidManifest.xml:37:13-47
94            android:windowSoftInputMode="adjustResize" >
94-->src\main\AndroidManifest.xml:40:13-55
95
96            <!--
97                 Specifies an Android theme to apply to this Activity as soon as
98                 the Android process has started. This theme is visible to the user
99                 while the Flutter UI initializes. After that, this theme continues
100                 to determine the Window background behind the Flutter UI.
101            -->
102            <meta-data
102-->src\main\AndroidManifest.xml:45:13-48:17
103                android:name="io.flutter.embedding.android.NormalTheme"
103-->src\main\AndroidManifest.xml:46:15-70
104                android:resource="@style/NormalTheme" />
104-->src\main\AndroidManifest.xml:47:15-52
105            <!--
106                 Displays an Android View that continues showing the launch screen
107                 Drawable until Flutter paints its first frame, then this splash
108                 screen fades out. A splash screen is useful to avoid any visual
109                 gap between the end of Android's launch screen and the painting of
110                 Flutter's first frame.
111            -->
112            <meta-data
112-->src\main\AndroidManifest.xml:54:13-57:17
113                android:name="io.flutter.embedding.android.SplashScreenDrawable"
113-->src\main\AndroidManifest.xml:55:15-79
114                android:resource="@drawable/launch_background" />
114-->src\main\AndroidManifest.xml:56:15-61
115
116            <intent-filter>
116-->src\main\AndroidManifest.xml:58:13-61:29
117                <action android:name="android.intent.action.MAIN" />
117-->src\main\AndroidManifest.xml:59:17-68
117-->src\main\AndroidManifest.xml:59:25-66
118
119                <category android:name="android.intent.category.LAUNCHER" />
119-->src\main\AndroidManifest.xml:60:17-76
119-->src\main\AndroidManifest.xml:60:27-74
120            </intent-filter>
121            <!-- Deep linking -->
122            <meta-data
122-->src\main\AndroidManifest.xml:63:13-90
123                android:name="flutter_deeplinking_enabled"
123-->src\main\AndroidManifest.xml:63:24-66
124                android:value="true" />
124-->src\main\AndroidManifest.xml:63:67-87
125
126            <intent-filter android:autoVerify="true" >
126-->src\main\AndroidManifest.xml:64:13-69:29
126-->src\main\AndroidManifest.xml:64:28-53
127                <action android:name="android.intent.action.VIEW" />
127-->src\main\AndroidManifest.xml:26:17-69
127-->src\main\AndroidManifest.xml:26:25-66
128
129                <category android:name="android.intent.category.DEFAULT" />
129-->src\main\AndroidManifest.xml:27:17-76
129-->src\main\AndroidManifest.xml:27:27-73
130                <category android:name="android.intent.category.BROWSABLE" />
130-->src\main\AndroidManifest.xml:28:17-78
130-->src\main\AndroidManifest.xml:28:27-75
131
132                <data
132-->src\main\AndroidManifest.xml:29:17-75
133                    android:host="comersium.com"
134                    android:scheme="comersium" />
134-->src\main\AndroidManifest.xml:29:23-72
135            </intent-filter>
136        </activity>
137
138        <!--
139             Don't delete the meta-data below.
140             This is used by the Flutter tool to generate GeneratedPluginRegistrant.java
141        -->
142        <meta-data
142-->src\main\AndroidManifest.xml:75:9-77:33
143            android:name="flutterEmbedding"
143-->src\main\AndroidManifest.xml:76:13-44
144            android:value="2" />
144-->src\main\AndroidManifest.xml:77:13-30
145        <meta-data
145-->src\main\AndroidManifest.xml:78:9-123
146            android:name="com.google.android.geo.API_KEY"
146-->src\main\AndroidManifest.xml:78:20-65
147            android:value="AIzaSyCpggs5J280C0EsgV03k1IoGqku63aplys" />
147-->src\main\AndroidManifest.xml:78:66-121
148
149        <service
149-->[:cloud_firestore] AndroidManifest.xml:10:9-14:19
150            android:name="com.google.firebase.components.ComponentDiscoveryService"
150-->[:cloud_firestore] AndroidManifest.xml:10:18-89
151            android:directBootAware="true"
151-->[com.google.firebase:firebase-common:20.4.3] AndroidManifest.xml:32:13-43
152            android:exported="false" >
152-->[com.google.firebase:firebase-perf:20.5.2] AndroidManifest.xml:13:13-37
153            <meta-data
153-->[:cloud_firestore] AndroidManifest.xml:11:13-13:85
154                android:name="com.google.firebase.components:io.flutter.plugins.firebase.firestore.FlutterFirebaseFirestoreRegistrar"
154-->[:cloud_firestore] AndroidManifest.xml:12:17-134
155                android:value="com.google.firebase.components.ComponentRegistrar" />
155-->[:cloud_firestore] AndroidManifest.xml:13:17-82
156            <meta-data
156-->[:firebase_auth] AndroidManifest.xml:11:13-13:85
157                android:name="com.google.firebase.components:io.flutter.plugins.firebase.auth.FlutterFirebaseAuthRegistrar"
157-->[:firebase_auth] AndroidManifest.xml:12:17-124
158                android:value="com.google.firebase.components.ComponentRegistrar" />
158-->[:firebase_auth] AndroidManifest.xml:13:17-82
159            <meta-data
159-->[:firebase_performance] AndroidManifest.xml:13:13-15:85
160                android:name="com.google.firebase.components:io.flutter.plugins.firebase.performance.FlutterFirebaseAppRegistrar"
160-->[:firebase_performance] AndroidManifest.xml:14:17-130
161                android:value="com.google.firebase.components.ComponentRegistrar" />
161-->[:firebase_performance] AndroidManifest.xml:15:17-82
162            <meta-data
162-->[:firebase_storage] AndroidManifest.xml:11:13-13:85
163                android:name="com.google.firebase.components:io.flutter.plugins.firebase.storage.FlutterFirebaseAppRegistrar"
163-->[:firebase_storage] AndroidManifest.xml:12:17-126
164                android:value="com.google.firebase.components.ComponentRegistrar" />
164-->[:firebase_storage] AndroidManifest.xml:13:17-82
165            <meta-data
165-->[:firebase_core] AndroidManifest.xml:11:13-13:85
166                android:name="com.google.firebase.components:io.flutter.plugins.firebase.core.FlutterFirebaseCoreRegistrar"
166-->[:firebase_core] AndroidManifest.xml:12:17-124
167                android:value="com.google.firebase.components.ComponentRegistrar" />
167-->[:firebase_core] AndroidManifest.xml:13:17-82
168            <meta-data
168-->[com.google.firebase:firebase-perf:20.5.2] AndroidManifest.xml:14:13-16:85
169                android:name="com.google.firebase.components:com.google.firebase.perf.FirebasePerfKtxRegistrar"
169-->[com.google.firebase:firebase-perf:20.5.2] AndroidManifest.xml:15:17-112
170                android:value="com.google.firebase.components.ComponentRegistrar" />
170-->[com.google.firebase:firebase-perf:20.5.2] AndroidManifest.xml:16:17-82
171            <meta-data
171-->[com.google.firebase:firebase-perf:20.5.2] AndroidManifest.xml:17:13-19:85
172                android:name="com.google.firebase.components:com.google.firebase.perf.FirebasePerfRegistrar"
172-->[com.google.firebase:firebase-perf:20.5.2] AndroidManifest.xml:18:17-109
173                android:value="com.google.firebase.components.ComponentRegistrar" />
173-->[com.google.firebase:firebase-perf:20.5.2] AndroidManifest.xml:19:17-82
174            <meta-data
174-->[com.google.firebase:firebase-sessions:1.2.2] AndroidManifest.xml:29:13-31:85
175                android:name="com.google.firebase.components:com.google.firebase.sessions.FirebaseSessionsRegistrar"
175-->[com.google.firebase:firebase-sessions:1.2.2] AndroidManifest.xml:30:17-117
176                android:value="com.google.firebase.components.ComponentRegistrar" />
176-->[com.google.firebase:firebase-sessions:1.2.2] AndroidManifest.xml:31:17-82
177            <meta-data
177-->[com.google.firebase:firebase-auth:22.3.1] AndroidManifest.xml:69:13-71:85
178                android:name="com.google.firebase.components:com.google.firebase.auth.FirebaseAuthRegistrar"
178-->[com.google.firebase:firebase-auth:22.3.1] AndroidManifest.xml:70:17-109
179                android:value="com.google.firebase.components.ComponentRegistrar" />
179-->[com.google.firebase:firebase-auth:22.3.1] AndroidManifest.xml:71:17-82
180            <meta-data
180-->[com.google.firebase:firebase-firestore:24.11.0] AndroidManifest.xml:17:13-19:85
181                android:name="com.google.firebase.components:com.google.firebase.firestore.FirebaseFirestoreKtxRegistrar"
181-->[com.google.firebase:firebase-firestore:24.11.0] AndroidManifest.xml:18:17-122
182                android:value="com.google.firebase.components.ComponentRegistrar" />
182-->[com.google.firebase:firebase-firestore:24.11.0] AndroidManifest.xml:19:17-82
183            <meta-data
183-->[com.google.firebase:firebase-firestore:24.11.0] AndroidManifest.xml:20:13-22:85
184                android:name="com.google.firebase.components:com.google.firebase.firestore.FirestoreRegistrar"
184-->[com.google.firebase:firebase-firestore:24.11.0] AndroidManifest.xml:21:17-111
185                android:value="com.google.firebase.components.ComponentRegistrar" />
185-->[com.google.firebase:firebase-firestore:24.11.0] AndroidManifest.xml:22:17-82
186            <meta-data
186-->[com.google.firebase:firebase-storage:20.3.0] AndroidManifest.xml:30:13-32:85
187                android:name="com.google.firebase.components:com.google.firebase.storage.FirebaseStorageKtxRegistrar"
187-->[com.google.firebase:firebase-storage:20.3.0] AndroidManifest.xml:31:17-118
188                android:value="com.google.firebase.components.ComponentRegistrar" />
188-->[com.google.firebase:firebase-storage:20.3.0] AndroidManifest.xml:32:17-82
189            <meta-data
189-->[com.google.firebase:firebase-storage:20.3.0] AndroidManifest.xml:33:13-35:85
190                android:name="com.google.firebase.components:com.google.firebase.storage.StorageRegistrar"
190-->[com.google.firebase:firebase-storage:20.3.0] AndroidManifest.xml:34:17-107
191                android:value="com.google.firebase.components.ComponentRegistrar" />
191-->[com.google.firebase:firebase-storage:20.3.0] AndroidManifest.xml:35:17-82
192            <meta-data
192-->[com.google.firebase:firebase-config:21.6.3] AndroidManifest.xml:29:13-31:85
193                android:name="com.google.firebase.components:com.google.firebase.remoteconfig.FirebaseRemoteConfigKtxRegistrar"
193-->[com.google.firebase:firebase-config:21.6.3] AndroidManifest.xml:30:17-128
194                android:value="com.google.firebase.components.ComponentRegistrar" />
194-->[com.google.firebase:firebase-config:21.6.3] AndroidManifest.xml:31:17-82
195            <meta-data
195-->[com.google.firebase:firebase-config:21.6.3] AndroidManifest.xml:32:13-34:85
196                android:name="com.google.firebase.components:com.google.firebase.remoteconfig.RemoteConfigRegistrar"
196-->[com.google.firebase:firebase-config:21.6.3] AndroidManifest.xml:33:17-117
197                android:value="com.google.firebase.components.ComponentRegistrar" />
197-->[com.google.firebase:firebase-config:21.6.3] AndroidManifest.xml:34:17-82
198            <meta-data
198-->[com.google.firebase:firebase-installations:17.2.0] AndroidManifest.xml:15:13-17:85
199                android:name="com.google.firebase.components:com.google.firebase.installations.FirebaseInstallationsKtxRegistrar"
199-->[com.google.firebase:firebase-installations:17.2.0] AndroidManifest.xml:16:17-130
200                android:value="com.google.firebase.components.ComponentRegistrar" />
200-->[com.google.firebase:firebase-installations:17.2.0] AndroidManifest.xml:17:17-82
201            <meta-data
201-->[com.google.firebase:firebase-installations:17.2.0] AndroidManifest.xml:18:13-20:85
202                android:name="com.google.firebase.components:com.google.firebase.installations.FirebaseInstallationsRegistrar"
202-->[com.google.firebase:firebase-installations:17.2.0] AndroidManifest.xml:19:17-127
203                android:value="com.google.firebase.components.ComponentRegistrar" />
203-->[com.google.firebase:firebase-installations:17.2.0] AndroidManifest.xml:20:17-82
204            <meta-data
204-->[com.google.firebase:firebase-appcheck:17.1.2] AndroidManifest.xml:25:13-27:85
205                android:name="com.google.firebase.components:com.google.firebase.appcheck.FirebaseAppCheckKtxRegistrar"
205-->[com.google.firebase:firebase-appcheck:17.1.2] AndroidManifest.xml:26:17-120
206                android:value="com.google.firebase.components.ComponentRegistrar" />
206-->[com.google.firebase:firebase-appcheck:17.1.2] AndroidManifest.xml:27:17-82
207            <meta-data
207-->[com.google.firebase:firebase-appcheck:17.1.2] AndroidManifest.xml:28:13-30:85
208                android:name="com.google.firebase.components:com.google.firebase.appcheck.FirebaseAppCheckRegistrar"
208-->[com.google.firebase:firebase-appcheck:17.1.2] AndroidManifest.xml:29:17-117
209                android:value="com.google.firebase.components.ComponentRegistrar" />
209-->[com.google.firebase:firebase-appcheck:17.1.2] AndroidManifest.xml:30:17-82
210            <meta-data
210-->[com.google.firebase:firebase-common-ktx:20.4.3] AndroidManifest.xml:12:13-14:85
211                android:name="com.google.firebase.components:com.google.firebase.ktx.FirebaseCommonLegacyRegistrar"
211-->[com.google.firebase:firebase-common-ktx:20.4.3] AndroidManifest.xml:13:17-116
212                android:value="com.google.firebase.components.ComponentRegistrar" />
212-->[com.google.firebase:firebase-common-ktx:20.4.3] AndroidManifest.xml:14:17-82
213            <meta-data
213-->[com.google.firebase:firebase-common:20.4.3] AndroidManifest.xml:35:13-37:85
214                android:name="com.google.firebase.components:com.google.firebase.FirebaseCommonKtxRegistrar"
214-->[com.google.firebase:firebase-common:20.4.3] AndroidManifest.xml:36:17-109
215                android:value="com.google.firebase.components.ComponentRegistrar" />
215-->[com.google.firebase:firebase-common:20.4.3] AndroidManifest.xml:37:17-82
216            <meta-data
216-->[com.google.firebase:firebase-abt:21.1.1] AndroidManifest.xml:12:13-14:85
217                android:name="com.google.firebase.components:com.google.firebase.abt.component.AbtRegistrar"
217-->[com.google.firebase:firebase-abt:21.1.1] AndroidManifest.xml:13:17-109
218                android:value="com.google.firebase.components.ComponentRegistrar" />
218-->[com.google.firebase:firebase-abt:21.1.1] AndroidManifest.xml:14:17-82
219            <meta-data
219-->[com.google.firebase:firebase-datatransport:18.1.8] AndroidManifest.xml:27:13-29:85
220                android:name="com.google.firebase.components:com.google.firebase.datatransport.TransportRegistrar"
220-->[com.google.firebase:firebase-datatransport:18.1.8] AndroidManifest.xml:28:17-115
221                android:value="com.google.firebase.components.ComponentRegistrar" />
221-->[com.google.firebase:firebase-datatransport:18.1.8] AndroidManifest.xml:29:17-82
222        </service>
223
224        <activity
224-->[:flutter_inappwebview] AndroidManifest.xml:16:9-20:47
225            android:name="com.pichillilorenzo.flutter_inappwebview.in_app_browser.InAppBrowserActivity"
225-->[:flutter_inappwebview] AndroidManifest.xml:17:13-104
226            android:configChanges="orientation|keyboardHidden|keyboard|screenSize|locale|layoutDirection|fontScale|screenLayout|density"
226-->[:flutter_inappwebview] AndroidManifest.xml:18:13-137
227            android:exported="false"
227-->[:flutter_inappwebview] AndroidManifest.xml:19:13-37
228            android:theme="@style/AppTheme" />
228-->[:flutter_inappwebview] AndroidManifest.xml:20:13-44
229        <activity
229-->[:flutter_inappwebview] AndroidManifest.xml:21:9-24:55
230            android:name="com.pichillilorenzo.flutter_inappwebview.chrome_custom_tabs.ChromeCustomTabsActivity"
230-->[:flutter_inappwebview] AndroidManifest.xml:22:13-112
231            android:exported="false"
231-->[:flutter_inappwebview] AndroidManifest.xml:23:13-37
232            android:theme="@style/ThemeTransparent" />
232-->[:flutter_inappwebview] AndroidManifest.xml:24:13-52
233        <activity
233-->[:flutter_inappwebview] AndroidManifest.xml:25:9-28:55
234            android:name="com.pichillilorenzo.flutter_inappwebview.chrome_custom_tabs.TrustedWebActivity"
234-->[:flutter_inappwebview] AndroidManifest.xml:26:13-106
235            android:exported="false"
235-->[:flutter_inappwebview] AndroidManifest.xml:27:13-37
236            android:theme="@style/ThemeTransparent" />
236-->[:flutter_inappwebview] AndroidManifest.xml:28:13-52
237        <activity
237-->[:flutter_inappwebview] AndroidManifest.xml:29:9-33:55
238            android:name="com.pichillilorenzo.flutter_inappwebview.chrome_custom_tabs.ChromeCustomTabsActivitySingleInstance"
238-->[:flutter_inappwebview] AndroidManifest.xml:30:13-126
239            android:exported="false"
239-->[:flutter_inappwebview] AndroidManifest.xml:31:13-37
240            android:launchMode="singleInstance"
240-->[:flutter_inappwebview] AndroidManifest.xml:32:13-48
241            android:theme="@style/ThemeTransparent" />
241-->[:flutter_inappwebview] AndroidManifest.xml:33:13-52
242        <activity
242-->[:flutter_inappwebview] AndroidManifest.xml:34:9-38:55
243            android:name="com.pichillilorenzo.flutter_inappwebview.chrome_custom_tabs.TrustedWebActivitySingleInstance"
243-->[:flutter_inappwebview] AndroidManifest.xml:35:13-120
244            android:exported="false"
244-->[:flutter_inappwebview] AndroidManifest.xml:36:13-37
245            android:launchMode="singleInstance"
245-->[:flutter_inappwebview] AndroidManifest.xml:37:13-48
246            android:theme="@style/ThemeTransparent" />
246-->[:flutter_inappwebview] AndroidManifest.xml:38:13-52
247
248        <receiver
248-->[:flutter_inappwebview] AndroidManifest.xml:40:9-43:40
249            android:name="com.pichillilorenzo.flutter_inappwebview.chrome_custom_tabs.ActionBroadcastReceiver"
249-->[:flutter_inappwebview] AndroidManifest.xml:41:13-111
250            android:enabled="true"
250-->[:flutter_inappwebview] AndroidManifest.xml:42:13-35
251            android:exported="false" />
251-->[:flutter_inappwebview] AndroidManifest.xml:43:13-37
252
253        <meta-data
253-->[:flutter_inappwebview] AndroidManifest.xml:45:9-47:36
254            android:name="io.flutter.embedded_views_preview"
254-->[:flutter_inappwebview] AndroidManifest.xml:46:13-61
255            android:value="true" />
255-->[:flutter_inappwebview] AndroidManifest.xml:47:13-33
256
257        <provider
257-->[:image_picker_android] AndroidManifest.xml:10:9-18:20
258            android:name="io.flutter.plugins.imagepicker.ImagePickerFileProvider"
258-->[:image_picker_android] AndroidManifest.xml:11:13-82
259            android:authorities="com.globalbds.comersium.flutter.image_provider"
259-->[:image_picker_android] AndroidManifest.xml:12:13-74
260            android:exported="false"
260-->[:image_picker_android] AndroidManifest.xml:13:13-37
261            android:grantUriPermissions="true" >
261-->[:image_picker_android] AndroidManifest.xml:14:13-47
262            <meta-data
262-->[:image_picker_android] AndroidManifest.xml:15:13-17:75
263                android:name="android.support.FILE_PROVIDER_PATHS"
263-->[:image_picker_android] AndroidManifest.xml:16:17-67
264                android:resource="@xml/flutter_image_picker_file_paths" />
264-->[:image_picker_android] AndroidManifest.xml:17:17-72
265        </provider>
266
267        <activity
267-->[:url_launcher_android] AndroidManifest.xml:10:9-13:74
268            android:name="io.flutter.plugins.urllauncher.WebViewActivity"
268-->[:url_launcher_android] AndroidManifest.xml:11:13-74
269            android:exported="false"
269-->[:url_launcher_android] AndroidManifest.xml:12:13-37
270            android:theme="@android:style/Theme.NoTitleBar.Fullscreen" />
270-->[:url_launcher_android] AndroidManifest.xml:13:13-71
271        <activity android:name="com.facebook.CustomTabMainActivity" />
271-->[com.facebook.android:facebook-common:12.2.0] AndroidManifest.xml:34:9-71
271-->[com.facebook.android:facebook-common:12.2.0] AndroidManifest.xml:34:19-68
272        <!--
273         The initialization ContentProvider will call FacebookSdk.sdkInitialize automatically
274         with the application context. This config is merged in with the host app's manifest,
275         but there can only be one provider with the same authority activated at any given
276         point; so if the end user has two or more different apps that use Facebook SDK, only the
277         first one will be able to use the provider. To work around this problem, we use the
278         following placeholder in the authority to identify each host application as if it was
279         a completely different provider.
280        -->
281        <provider
281-->[com.facebook.android:facebook-core:12.2.0] AndroidManifest.xml:39:9-42:40
282            android:name="com.facebook.internal.FacebookInitProvider"
282-->[com.facebook.android:facebook-core:12.2.0] AndroidManifest.xml:40:13-70
283            android:authorities="com.globalbds.comersium.FacebookInitProvider"
283-->[com.facebook.android:facebook-core:12.2.0] AndroidManifest.xml:41:13-72
284            android:exported="false" />
284-->[com.facebook.android:facebook-core:12.2.0] AndroidManifest.xml:42:13-37
285
286        <receiver
286-->[com.facebook.android:facebook-core:12.2.0] AndroidManifest.xml:44:9-50:20
287            android:name="com.facebook.CurrentAccessTokenExpirationBroadcastReceiver"
287-->[com.facebook.android:facebook-core:12.2.0] AndroidManifest.xml:45:13-86